2023-07-02  7:28:22 0 [Note] Starting MariaDB 10.11.4-MariaDB source revision 4e2b93dffef2414a11ca5edc8d215f57ee5010e5 as process 144
2023-07-02  7:28:22 0 [Note] InnoDB: Compressed tables use zlib 1.2.13
2023-07-02  7:28:22 0 [Note] InnoDB: Using transactional memory
2023-07-02  7:28:22 0 [Note] InnoDB: Number of transaction pools: 1
2023-07-02  7:28:22 0 [Note] InnoDB: Using crc32 + pclmulqdq instructions
2023-07-02  7:28:22 0 [Note] mariadbd: O_TMPFILE is not supported on /var/tmp (disabling future attempts)
2023-07-02  7:28:23 0 [Note] InnoDB: Using Linux native AIO
2023-07-02  7:28:23 0 [Note] InnoDB: Initializing buffer pool, total size = 128.000MiB, chunk size = 2.000MiB
2023-07-02  7:28:23 0 [Note] InnoDB: Completed initialization of buffer pool
2023-07-02  7:28:23 0 [Note] InnoDB: Buffered log writes (block size=512 bytes)
2023-07-02  7:28:23 0 [Note] InnoDB: 128 rollback segments are active.
2023-07-02  7:28:23 0 [Note] InnoDB: Setting file './ibtmp1' size to 12.000MiB. Physically writing the file full; Please wait ...
2023-07-02  7:28:23 0 [Note] InnoDB: File './ibtmp1' size is now 12.000MiB.
2023-07-02  7:28:23 0 [Note] InnoDB: log sequence number 46456; transaction id 14
2023-07-02  7:28:23 0 [Note] Plugin 'FEEDBACK' is disabled.
2023-07-02  7:28:23 0 [Note] InnoDB: Loading buffer pool(s) from /var/lib/mysql/ib_buffer_pool
2023-07-02  7:28:23 0 [Note] InnoDB: Buffer pool(s) load completed at 230702  7:28:23
2023-07-02  7:28:23 0 [Note] Server socket created on IP: '0.0.0.0'.
2023-07-02  7:28:23 0 [Note] /usr/bin/mariadbd: ready for connections.
Version: '10.11.4-MariaDB'  socket: '/run/mysqld/mysqld.sock'  port: 3306  Alpine Linux
2023-07-02  7:28:25 0 [Note] /usr/bin/mariadbd (initiated by: root[root] @ localhost []): Normal shutdown
2023-07-02  7:28:25 0 [Note] InnoDB: FTS optimize thread exiting.
2023-07-02  7:28:25 0 [Note] InnoDB: Starting shutdown...
2023-07-02  7:28:25 0 [Note] InnoDB: Dumping buffer pool(s) to /var/lib/mysql/ib_buffer_pool
2023-07-02  7:28:25 0 [Note] InnoDB: Buffer pool(s) dump completed at 230702  7:28:25
2023-07-02  7:28:26 0 [Note] InnoDB: Removed temporary tablespace data file: "./ibtmp1"
2023-07-02  7:28:26 0 [Note] InnoDB: Shutdown completed; log sequence number 46456; transaction id 16
2023-07-02  7:28:26 0 [Note] /usr/bin/mariadbd: Shutdown complete

2023-07-02  7:28:27 0 [Note] Starting MariaDB 10.11.4-MariaDB source revision 4e2b93dffef2414a11ca5edc8d215f57ee5010e5 as process 255
2023-07-02  7:28:27 0 [Note] InnoDB: Compressed tables use zlib 1.2.13
2023-07-02  7:28:27 0 [Note] InnoDB: Using transactional memory
2023-07-02  7:28:27 0 [Note] InnoDB: Number of transaction pools: 1
2023-07-02  7:28:27 0 [Note] InnoDB: Using crc32 + pclmulqdq instructions
2023-07-02  7:28:27 0 [Note] mariadbd: O_TMPFILE is not supported on /var/tmp (disabling future attempts)
2023-07-02  7:28:28 0 [Note] InnoDB: Using Linux native AIO
2023-07-02  7:28:28 0 [Note] InnoDB: Initializing buffer pool, total size = 128.000MiB, chunk size = 2.000MiB
2023-07-02  7:28:28 0 [Note] InnoDB: Completed initialization of buffer pool
2023-07-02  7:28:28 0 [Note] InnoDB: Buffered log writes (block size=512 bytes)
2023-07-02  7:28:28 0 [Note] InnoDB: 128 rollback segments are active.
2023-07-02  7:28:28 0 [Note] InnoDB: Setting file './ibtmp1' size to 12.000MiB. Physically writing the file full; Please wait ...
2023-07-02  7:28:28 0 [Note] InnoDB: File './ibtmp1' size is now 12.000MiB.
2023-07-02  7:28:28 0 [Note] InnoDB: log sequence number 46456; transaction id 14
2023-07-02  7:28:28 0 [Note] Plugin 'FEEDBACK' is disabled.
2023-07-02  7:28:28 0 [Note] InnoDB: Loading buffer pool(s) from /var/lib/mysql/ib_buffer_pool
2023-07-02  7:28:28 0 [Note] InnoDB: Buffer pool(s) load completed at 230702  7:28:28
2023-07-02  7:28:28 0 [Note] Server socket created on IP: '0.0.0.0'.
2023-07-02  7:28:28 0 [Note] /usr/bin/mariadbd: ready for connections.
Version: '10.11.4-MariaDB'  socket: '/run/mysqld/mysqld.sock'  port: 3306  Alpine Linux
